2024-11-23 14:43:53,881 - DEBUG - Starting from pokemon #2
2024-11-23 14:43:53,881 - DEBUG - Using batch size=1
2024-11-23 14:43:53,881 - DEBUG - Running query: SELECT name, gen, num FROM pokemon WHERE gen > 0 AND gen <= 6 AND forme IS NULL AND num > 1 AND num <= 2
2024-11-23 14:43:53,881 - DEBUG - Starting to fetch Ivysaur
2024-11-23 14:43:53,881 - DEBUG - Making directory: images/2_ivysaur
2024-11-23 14:43:53,883 - DEBUG - Starting new HTTPS connection (1): img.pokemondb.net:443
2024-11-23 14:43:53,970 - DEBUG - https://img.pokemondb.net:443 "GET /sprites/bank/normal/ivysaur.png HTTP/11" 200 3133
2024-11-23 14:43:53,971 - DEBUG - Adding images/2_ivysaur/bank-normal.png
2024-11-23 14:43:53,971 - DEBUG - Starting new HTTPS connection (1): img.pokemondb.net:443
2024-11-23 14:43:54,038 - DEBUG - https://img.pokemondb.net:443 "GET /sprites/bank/shiny/ivysaur.png HTTP/11" 200 3111
2024-11-23 14:43:54,038 - DEBUG - Adding images/2_ivysaur/bank-shiny.png
2024-11-23 14:43:54,038 - DEBUG - Starting new HTTPS connection (1): img.pokemondb.net:443
2024-11-23 14:43:54,127 - DEBUG - https://img.pokemondb.net:443 "GET /sprites/bank/back/ivysaur.png HTTP/11" 404 None
2024-11-23 14:43:54,130 - ERROR - Error fetching https://img.pokemondb.net/sprites/bank/back/ivysaur.png, could be an error with generation, or sprite type
2024-11-23 14:43:54,130 - DEBUG - Starting new HTTPS connection (1): img.pokemondb.net:443
2024-11-23 14:43:54,199 - DEBUG - https://img.pokemondb.net:443 "GET /sprites/bank/back-shiny/ivysaur.png HTTP/11" 404 None
2024-11-23 14:43:54,200 - ERROR - Error fetching https://img.pokemondb.net/sprites/bank/back-shiny/ivysaur.png, could be an error with generation, or sprite type
2024-11-23 14:43:54,200 - DEBUG - Starting new HTTPS connection (1): img.pokemondb.net:443
2024-11-23 14:43:54,264 - DEBUG - https://img.pokemondb.net:443 "GET /sprites/go/normal/ivysaur.png HTTP/11" 200 17647
2024-11-23 14:43:54,264 - DEBUG - Adding images/2_ivysaur/go-normal.png
2024-11-23 14:43:54,265 - DEBUG - Starting new HTTPS connection (1): img.pokemondb.net:443
2024-11-23 14:43:54,342 - DEBUG - https://img.pokemondb.net:443 "GET /sprites/go/shiny/ivysaur.png HTTP/11" 200 17488
2024-11-23 14:43:54,342 - DEBUG - Adding images/2_ivysaur/go-shiny.png
2024-11-23 14:43:54,343 - DEBUG - Starting new HTTPS connection (1): img.pokemondb.net:443
2024-11-23 14:43:54,466 - DEBUG - https://img.pokemondb.net:443 "GET /sprites/go/back/ivysaur.png HTTP/11" 404 None
2024-11-23 14:43:54,466 - ERROR - Error fetching https://img.pokemondb.net/sprites/go/back/ivysaur.png, could be an error with generation, or sprite type
2024-11-23 14:43:54,467 - DEBUG - Starting new HTTPS connection (1): img.pokemondb.net:443
2024-11-23 14:43:54,543 - DEBUG - https://img.pokemondb.net:443 "GET /sprites/go/back-shiny/ivysaur.png HTTP/11" 404 None
2024-11-23 14:43:54,544 - ERROR - Error fetching https://img.pokemondb.net/sprites/go/back-shiny/ivysaur.png, could be an error with generation, or sprite type
2024-11-23 14:43:54,544 - DEBUG - Starting new HTTPS connection (1): img.pokemondb.net:443
2024-11-23 14:43:54,615 - DEBUG - https://img.pokemondb.net:443 "GET /sprites/x-y/normal/ivysaur.png HTTP/11" 200 2675
2024-11-23 14:43:54,615 - DEBUG - Adding images/2_ivysaur/x-y-normal.png
2024-11-23 14:43:54,616 - DEBUG - Starting new HTTPS connection (1): img.pokemondb.net:443
2024-11-23 14:43:54,690 - DEBUG - https://img.pokemondb.net:443 "GET /sprites/x-y/shiny/ivysaur.png HTTP/11" 200 2662
2024-11-23 14:43:54,691 - DEBUG - Adding images/2_ivysaur/x-y-shiny.png
2024-11-23 14:43:54,691 - DEBUG - Starting new HTTPS connection (1): img.pokemondb.net:443
2024-11-23 14:43:54,764 - DEBUG - https://img.pokemondb.net:443 "GET /sprites/x-y/back/ivysaur.png HTTP/11" 404 None
2024-11-23 14:43:54,764 - ERROR - Error fetching https://img.pokemondb.net/sprites/x-y/back/ivysaur.png, could be an error with generation, or sprite type
2024-11-23 14:43:54,765 - DEBUG - Starting new HTTPS connection (1): img.pokemondb.net:443
2024-11-23 14:43:54,832 - DEBUG - https://img.pokemondb.net:443 "GET /sprites/x-y/back-shiny/ivysaur.png HTTP/11" 404 None
2024-11-23 14:43:54,833 - ERROR - Error fetching https://img.pokemondb.net/sprites/x-y/back-shiny/ivysaur.png, could be an error with generation, or sprite type
2024-11-23 14:43:54,833 - DEBUG - Starting new HTTPS connection (1): img.pokemondb.net:443
2024-11-23 14:43:54,902 - DEBUG - https://img.pokemondb.net:443 "GET /sprites/black-white/normal/ivysaur.png HTTP/11" 200 795
2024-11-23 14:43:54,903 - DEBUG - Adding images/2_ivysaur/black-white-normal.png
2024-11-23 14:43:54,903 - DEBUG - Starting new HTTPS connection (1): img.pokemondb.net:443
2024-11-23 14:43:54,983 - DEBUG - https://img.pokemondb.net:443 "GET /sprites/black-white/shiny/ivysaur.png HTTP/11" 200 795
2024-11-23 14:43:54,983 - DEBUG - Adding images/2_ivysaur/black-white-shiny.png
2024-11-23 14:43:54,984 - DEBUG - Starting new HTTPS connection (1): img.pokemondb.net:443
2024-11-23 14:43:55,055 - DEBUG - https://img.pokemondb.net:443 "GET /sprites/black-white/back/ivysaur.png HTTP/11" 404 None
2024-11-23 14:43:55,055 - ERROR - Error fetching https://img.pokemondb.net/sprites/black-white/back/ivysaur.png, could be an error with generation, or sprite type
2024-11-23 14:43:55,056 - DEBUG - Starting new HTTPS connection (1): img.pokemondb.net:443
2024-11-23 14:43:55,126 - DEBUG - https://img.pokemondb.net:443 "GET /sprites/black-white/back-shiny/ivysaur.png HTTP/11" 200 695
2024-11-23 14:43:55,126 - DEBUG - Adding images/2_ivysaur/black-white-back-shiny.png
2024-11-23 14:43:55,127 - DEBUG - Starting new HTTPS connection (1): img.pokemondb.net:443
2024-11-23 14:43:55,199 - DEBUG - https://img.pokemondb.net:443 "GET /sprites/heartgold-soulsilver/normal/ivysaur.png HTTP/11" 200 673
2024-11-23 14:43:55,199 - DEBUG - Adding images/2_ivysaur/heartgold-soulsilver-normal.png
2024-11-23 14:43:55,199 - DEBUG - Starting new HTTPS connection (1): img.pokemondb.net:443
2024-11-23 14:43:55,285 - DEBUG - https://img.pokemondb.net:443 "GET /sprites/heartgold-soulsilver/shiny/ivysaur.png HTTP/11" 200 673
2024-11-23 14:43:55,285 - DEBUG - Adding images/2_ivysaur/heartgold-soulsilver-shiny.png
2024-11-23 14:43:55,286 - DEBUG - Starting new HTTPS connection (1): img.pokemondb.net:443
2024-11-23 14:43:55,377 - DEBUG - https://img.pokemondb.net:443 "GET /sprites/heartgold-soulsilver/back/ivysaur.png HTTP/11" 404 None
2024-11-23 14:43:55,377 - ERROR - Error fetching https://img.pokemondb.net/sprites/heartgold-soulsilver/back/ivysaur.png, could be an error with generation, or sprite type
2024-11-23 14:43:55,377 - DEBUG - Starting new HTTPS connection (1): img.pokemondb.net:443
2024-11-23 14:43:55,457 - DEBUG - https://img.pokemondb.net:443 "GET /sprites/heartgold-soulsilver/back-shiny/ivysaur.png HTTP/11" 200 832
2024-11-23 14:43:55,457 - DEBUG - Adding images/2_ivysaur/heartgold-soulsilver-back-shiny.png
2024-11-23 14:43:55,458 - DEBUG - Starting new HTTPS connection (1): img.pokemondb.net:443
2024-11-23 14:43:55,519 - DEBUG - https://img.pokemondb.net:443 "GET /sprites/platinum/normal/ivysaur.png HTTP/11" 200 687
2024-11-23 14:43:55,520 - DEBUG - Adding images/2_ivysaur/platinum-normal.png
2024-11-23 14:43:55,520 - DEBUG - Starting new HTTPS connection (1): img.pokemondb.net:443
2024-11-23 14:43:55,589 - DEBUG - https://img.pokemondb.net:443 "GET /sprites/platinum/shiny/ivysaur.png HTTP/11" 200 687
2024-11-23 14:43:55,589 - DEBUG - Adding images/2_ivysaur/platinum-shiny.png
2024-11-23 14:43:55,590 - DEBUG - Starting new HTTPS connection (1): img.pokemondb.net:443
2024-11-23 14:43:55,659 - DEBUG - https://img.pokemondb.net:443 "GET /sprites/platinum/back/ivysaur.png HTTP/11" 404 None
2024-11-23 14:43:55,660 - ERROR - Error fetching https://img.pokemondb.net/sprites/platinum/back/ivysaur.png, could be an error with generation, or sprite type
2024-11-23 14:43:55,660 - DEBUG - Starting new HTTPS connection (1): img.pokemondb.net:443
2024-11-23 14:43:55,724 - DEBUG - https://img.pokemondb.net:443 "GET /sprites/platinum/back-shiny/ivysaur.png HTTP/11" 200 819
2024-11-23 14:43:55,724 - DEBUG - Adding images/2_ivysaur/platinum-back-shiny.png
2024-11-23 14:43:55,725 - DEBUG - Starting new HTTPS connection (1): img.pokemondb.net:443
2024-11-23 14:43:55,798 - DEBUG - https://img.pokemondb.net:443 "GET /sprites/diamond-pearl/normal/ivysaur.png HTTP/11" 200 700
2024-11-23 14:43:55,798 - DEBUG - Adding images/2_ivysaur/diamond-pearl-normal.png
2024-11-23 14:43:55,798 - DEBUG - Starting new HTTPS connection (1): img.pokemondb.net:443
2024-11-23 14:43:55,881 - DEBUG - https://img.pokemondb.net:443 "GET /sprites/diamond-pearl/shiny/ivysaur.png HTTP/11" 200 700
2024-11-23 14:43:55,882 - DEBUG - Adding images/2_ivysaur/diamond-pearl-shiny.png
2024-11-23 14:43:55,883 - DEBUG - Starting new HTTPS connection (1): img.pokemondb.net:443
2024-11-23 14:43:55,949 - DEBUG - https://img.pokemondb.net:443 "GET /sprites/diamond-pearl/back/ivysaur.png HTTP/11" 404 None
2024-11-23 14:43:55,950 - ERROR - Error fetching https://img.pokemondb.net/sprites/diamond-pearl/back/ivysaur.png, could be an error with generation, or sprite type
2024-11-23 14:43:55,950 - DEBUG - Starting new HTTPS connection (1): img.pokemondb.net:443
2024-11-23 14:43:56,054 - DEBUG - https://img.pokemondb.net:443 "GET /sprites/diamond-pearl/back-shiny/ivysaur.png HTTP/11" 200 832
2024-11-23 14:43:56,054 - DEBUG - Adding images/2_ivysaur/diamond-pearl-back-shiny.png
2024-11-23 14:43:56,054 - DEBUG - Starting new HTTPS connection (1): img.pokemondb.net:443
2024-11-23 14:43:56,136 - DEBUG - https://img.pokemondb.net:443 "GET /sprites/emerald/normal/ivysaur.png HTTP/11" 200 657
2024-11-23 14:43:56,136 - DEBUG - Adding images/2_ivysaur/emerald-normal.png
2024-11-23 14:43:56,137 - DEBUG - Starting new HTTPS connection (1): img.pokemondb.net:443
2024-11-23 14:43:56,216 - DEBUG - https://img.pokemondb.net:443 "GET /sprites/emerald/shiny/ivysaur.png HTTP/11" 200 657
2024-11-23 14:43:56,216 - DEBUG - Adding images/2_ivysaur/emerald-shiny.png
2024-11-23 14:43:56,217 - DEBUG - Starting new HTTPS connection (1): img.pokemondb.net:443
2024-11-23 14:43:56,303 - DEBUG - https://img.pokemondb.net:443 "GET /sprites/emerald/back/ivysaur.png HTTP/11" 404 None
2024-11-23 14:43:56,303 - ERROR - Error fetching https://img.pokemondb.net/sprites/emerald/back/ivysaur.png, could be an error with generation, or sprite type
2024-11-23 14:43:56,304 - DEBUG - Starting new HTTPS connection (1): img.pokemondb.net:443
2024-11-23 14:43:56,376 - DEBUG - https://img.pokemondb.net:443 "GET /sprites/emerald/back-shiny/ivysaur.png HTTP/11" 200 635
2024-11-23 14:43:56,376 - DEBUG - Adding images/2_ivysaur/emerald-back-shiny.png
2024-11-23 14:43:56,377 - DEBUG - Starting new HTTPS connection (1): img.pokemondb.net:443
2024-11-23 14:43:56,460 - DEBUG - https://img.pokemondb.net:443 "GET /sprites/firered-leafgreen/normal/ivysaur.png HTTP/11" 200 630
2024-11-23 14:43:56,461 - DEBUG - Adding images/2_ivysaur/firered-leafgreen-normal.png
2024-11-23 14:43:56,461 - DEBUG - Starting new HTTPS connection (1): img.pokemondb.net:443
2024-11-23 14:43:56,536 - DEBUG - https://img.pokemondb.net:443 "GET /sprites/firered-leafgreen/shiny/ivysaur.png HTTP/11" 200 630
2024-11-23 14:43:56,536 - DEBUG - Adding images/2_ivysaur/firered-leafgreen-shiny.png
2024-11-23 14:43:56,537 - DEBUG - Starting new HTTPS connection (1): img.pokemondb.net:443
2024-11-23 14:43:56,608 - DEBUG - https://img.pokemondb.net:443 "GET /sprites/firered-leafgreen/back/ivysaur.png HTTP/11" 404 None
2024-11-23 14:43:56,609 - ERROR - Error fetching https://img.pokemondb.net/sprites/firered-leafgreen/back/ivysaur.png, could be an error with generation, or sprite type
2024-11-23 14:43:56,609 - DEBUG - Starting new HTTPS connection (1): img.pokemondb.net:443
2024-11-23 14:43:56,688 - DEBUG - https://img.pokemondb.net:443 "GET /sprites/firered-leafgreen/back-shiny/ivysaur.png HTTP/11" 200 599
2024-11-23 14:43:56,689 - DEBUG - Adding images/2_ivysaur/firered-leafgreen-back-shiny.png
2024-11-23 14:43:56,689 - DEBUG - Starting new HTTPS connection (1): img.pokemondb.net:443
2024-11-23 14:43:56,764 - DEBUG - https://img.pokemondb.net:443 "GET /sprites/ruby-sapphire/normal/ivysaur.png HTTP/11" 200 657
2024-11-23 14:43:56,765 - DEBUG - Adding images/2_ivysaur/ruby-sapphire-normal.png
2024-11-23 14:43:56,765 - DEBUG - Starting new HTTPS connection (1): img.pokemondb.net:443
2024-11-23 14:43:56,844 - DEBUG - https://img.pokemondb.net:443 "GET /sprites/ruby-sapphire/shiny/ivysaur.png HTTP/11" 200 657
2024-11-23 14:43:56,844 - DEBUG - Adding images/2_ivysaur/ruby-sapphire-shiny.png
2024-11-23 14:43:56,845 - DEBUG - Starting new HTTPS connection (1): img.pokemondb.net:443
2024-11-23 14:43:56,925 - DEBUG - https://img.pokemondb.net:443 "GET /sprites/ruby-sapphire/back/ivysaur.png HTTP/11" 404 None
2024-11-23 14:43:56,925 - ERROR - Error fetching https://img.pokemondb.net/sprites/ruby-sapphire/back/ivysaur.png, could be an error with generation, or sprite type
2024-11-23 14:43:56,925 - DEBUG - Starting new HTTPS connection (1): img.pokemondb.net:443
2024-11-23 14:43:57,007 - DEBUG - https://img.pokemondb.net:443 "GET /sprites/ruby-sapphire/back-shiny/ivysaur.png HTTP/11" 200 635
2024-11-23 14:43:57,007 - DEBUG - Adding images/2_ivysaur/ruby-sapphire-back-shiny.png
2024-11-23 14:43:57,042 - DEBUG - Starting new HTTPS connection (1): img.pokemondb.net:443
2024-11-23 14:43:57,131 - DEBUG - https://img.pokemondb.net:443 "GET /sprites/crystal/normal/ivysaur.png HTTP/11" 200 389
2024-11-23 14:43:57,131 - DEBUG - Adding images/2_ivysaur/crystal-normal.png
2024-11-23 14:43:57,132 - DEBUG - Starting new HTTPS connection (1): img.pokemondb.net:443
2024-11-23 14:43:57,221 - DEBUG - https://img.pokemondb.net:443 "GET /sprites/crystal/shiny/ivysaur.png HTTP/11" 200 389
2024-11-23 14:43:57,221 - DEBUG - Adding images/2_ivysaur/crystal-shiny.png
2024-11-23 14:43:57,222 - DEBUG - Starting new HTTPS connection (1): img.pokemondb.net:443
2024-11-23 14:43:57,309 - DEBUG - https://img.pokemondb.net:443 "GET /sprites/crystal/back/ivysaur.png HTTP/11" 404 None
2024-11-23 14:43:57,309 - ERROR - Error fetching https://img.pokemondb.net/sprites/crystal/back/ivysaur.png, could be an error with generation, or sprite type
2024-11-23 14:43:57,309 - DEBUG - Starting new HTTPS connection (1): img.pokemondb.net:443
2024-11-23 14:43:57,379 - DEBUG - https://img.pokemondb.net:443 "GET /sprites/crystal/back-shiny/ivysaur.png HTTP/11" 200 373
2024-11-23 14:43:57,379 - DEBUG - Adding images/2_ivysaur/crystal-back-shiny.png
2024-11-23 14:43:57,380 - DEBUG - Starting new HTTPS connection (1): img.pokemondb.net:443
2024-11-23 14:43:57,456 - DEBUG - https://img.pokemondb.net:443 "GET /sprites/gold/normal/ivysaur.png HTTP/11" 200 384
2024-11-23 14:43:57,456 - DEBUG - Adding images/2_ivysaur/gold-normal.png
2024-11-23 14:43:57,456 - DEBUG - Starting new HTTPS connection (1): img.pokemondb.net:443
2024-11-23 14:43:57,540 - DEBUG - https://img.pokemondb.net:443 "GET /sprites/gold/shiny/ivysaur.png HTTP/11" 200 384
2024-11-23 14:43:57,540 - DEBUG - Adding images/2_ivysaur/gold-shiny.png
2024-11-23 14:43:57,541 - DEBUG - Starting new HTTPS connection (1): img.pokemondb.net:443
2024-11-23 14:43:57,641 - DEBUG - https://img.pokemondb.net:443 "GET /sprites/gold/back/ivysaur.png HTTP/11" 404 None
2024-11-23 14:43:57,641 - ERROR - Error fetching https://img.pokemondb.net/sprites/gold/back/ivysaur.png, could be an error with generation, or sprite type
2024-11-23 14:43:57,642 - DEBUG - Starting new HTTPS connection (1): img.pokemondb.net:443
2024-11-23 14:43:57,714 - DEBUG - https://img.pokemondb.net:443 "GET /sprites/gold/back-shiny/ivysaur.png HTTP/11" 200 373
2024-11-23 14:43:57,717 - DEBUG - Adding images/2_ivysaur/gold-back-shiny.png
2024-11-23 14:43:57,718 - DEBUG - Starting new HTTPS connection (1): img.pokemondb.net:443
2024-11-23 14:43:57,785 - DEBUG - https://img.pokemondb.net:443 "GET /sprites/silver/normal/ivysaur.png HTTP/11" 200 397
2024-11-23 14:43:57,786 - DEBUG - Adding images/2_ivysaur/silver-normal.png
2024-11-23 14:43:57,786 - DEBUG - Starting new HTTPS connection (1): img.pokemondb.net:443
2024-11-23 14:43:57,863 - DEBUG - https://img.pokemondb.net:443 "GET /sprites/silver/shiny/ivysaur.png HTTP/11" 200 397
2024-11-23 14:43:57,863 - DEBUG - Adding images/2_ivysaur/silver-shiny.png
2024-11-23 14:43:57,863 - DEBUG - Starting new HTTPS connection (1): img.pokemondb.net:443
2024-11-23 14:43:57,941 - DEBUG - https://img.pokemondb.net:443 "GET /sprites/silver/back/ivysaur.png HTTP/11" 404 None
2024-11-23 14:43:57,941 - ERROR - Error fetching https://img.pokemondb.net/sprites/silver/back/ivysaur.png, could be an error with generation, or sprite type
2024-11-23 14:43:57,942 - DEBUG - Starting new HTTPS connection (1): img.pokemondb.net:443
2024-11-23 14:43:58,018 - DEBUG - https://img.pokemondb.net:443 "GET /sprites/silver/back-shiny/ivysaur.png HTTP/11" 200 373
2024-11-23 14:43:58,018 - DEBUG - Adding images/2_ivysaur/silver-back-shiny.png
2024-11-23 14:43:58,019 - DEBUG - Starting new HTTPS connection (1): img.pokemondb.net:443
2024-11-23 14:43:58,088 - DEBUG - https://img.pokemondb.net:443 "GET /sprites/yellow/normal/ivysaur.png HTTP/11" 200 518
2024-11-23 14:43:58,088 - DEBUG - Adding images/2_ivysaur/yellow-normal.png
2024-11-23 14:43:58,089 - DEBUG - Starting new HTTPS connection (1): img.pokemondb.net:443
2024-11-23 14:43:58,170 - DEBUG - https://img.pokemondb.net:443 "GET /sprites/yellow/shiny/ivysaur.png HTTP/11" 404 None
2024-11-23 14:43:58,170 - ERROR - Error fetching https://img.pokemondb.net/sprites/yellow/shiny/ivysaur.png, could be an error with generation, or sprite type
2024-11-23 14:43:58,171 - DEBUG - Starting new HTTPS connection (1): img.pokemondb.net:443
2024-11-23 14:43:58,249 - DEBUG - https://img.pokemondb.net:443 "GET /sprites/yellow/back/ivysaur.png HTTP/11" 404 None
2024-11-23 14:43:58,250 - ERROR - Error fetching https://img.pokemondb.net/sprites/yellow/back/ivysaur.png, could be an error with generation, or sprite type
2024-11-23 14:43:58,250 - DEBUG - Starting new HTTPS connection (1): img.pokemondb.net:443
2024-11-23 14:43:58,319 - DEBUG - https://img.pokemondb.net:443 "GET /sprites/yellow/back-shiny/ivysaur.png HTTP/11" 404 None
2024-11-23 14:43:58,320 - ERROR - Error fetching https://img.pokemondb.net/sprites/yellow/back-shiny/ivysaur.png, could be an error with generation, or sprite type
2024-11-23 14:43:58,320 - DEBUG - Starting new HTTPS connection (1): img.pokemondb.net:443
2024-11-23 14:43:58,390 - DEBUG - https://img.pokemondb.net:443 "GET /sprites/red-blue/normal/ivysaur.png HTTP/11" 200 429
2024-11-23 14:43:58,391 - DEBUG - Adding images/2_ivysaur/red-blue-normal.png
2024-11-23 14:43:58,391 - DEBUG - Starting new HTTPS connection (1): img.pokemondb.net:443
2024-11-23 14:43:58,466 - DEBUG - https://img.pokemondb.net:443 "GET /sprites/red-blue/shiny/ivysaur.png HTTP/11" 404 None
2024-11-23 14:43:58,467 - ERROR - Error fetching https://img.pokemondb.net/sprites/red-blue/shiny/ivysaur.png, could be an error with generation, or sprite type
2024-11-23 14:43:58,467 - DEBUG - Starting new HTTPS connection (1): img.pokemondb.net:443
2024-11-23 14:43:58,533 - DEBUG - https://img.pokemondb.net:443 "GET /sprites/red-blue/back/ivysaur.png HTTP/11" 404 None
2024-11-23 14:43:58,533 - ERROR - Error fetching https://img.pokemondb.net/sprites/red-blue/back/ivysaur.png, could be an error with generation, or sprite type
2024-11-23 14:43:58,534 - DEBUG - Starting new HTTPS connection (1): img.pokemondb.net:443
2024-11-23 14:43:58,621 - DEBUG - https://img.pokemondb.net:443 "GET /sprites/red-blue/back-shiny/ivysaur.png HTTP/11" 404 None
2024-11-23 14:43:58,622 - ERROR - Error fetching https://img.pokemondb.net/sprites/red-blue/back-shiny/ivysaur.png, could be an error with generation, or sprite type
2024-11-23 14:43:58,622 - DEBUG - Total time to fetch Ivysaur: 4.740463495254517s
