2024-11-23 14:41:38,013 - DEBUG - No directories found in 'images/'
2024-11-23 14:41:38,013 - DEBUG - Starting from pokemon #1
2024-11-23 14:41:38,013 - DEBUG - Using batch size=1
2024-11-23 14:41:38,013 - DEBUG - Running query: SELECT name, gen, num FROM pokemon WHERE gen > 0 AND gen <= 6 AND forme IS NULL AND num > 0 AND num <= 1
2024-11-23 14:41:38,013 - DEBUG - Starting to fetch Bulbasaur
2024-11-23 14:41:38,013 - DEBUG - Making directory: images/1_bulbasaur
2024-11-23 14:41:38,017 - DEBUG - Starting new HTTPS connection (1): img.pokemondb.net:443
2024-11-23 14:41:38,095 - DEBUG - https://img.pokemondb.net:443 "GET /sprites/bank/normal/bulbasaur.png HTTP/11" 200 2196
2024-11-23 14:41:38,095 - DEBUG - Adding images/1_bulbasaur/bank-normal.png
2024-11-23 14:41:38,096 - DEBUG - Starting new HTTPS connection (1): img.pokemondb.net:443
2024-11-23 14:41:38,171 - DEBUG - https://img.pokemondb.net:443 "GET /sprites/bank/shiny/bulbasaur.png HTTP/11" 200 2193
2024-11-23 14:41:38,171 - DEBUG - Adding images/1_bulbasaur/bank-shiny.png
2024-11-23 14:41:38,171 - DEBUG - Starting new HTTPS connection (1): img.pokemondb.net:443
2024-11-23 14:41:38,238 - DEBUG - https://img.pokemondb.net:443 "GET /sprites/bank/back/bulbasaur.png HTTP/11" 404 None
2024-11-23 14:41:38,239 - ERROR - Error fetching https://img.pokemondb.net/sprites/bank/back/bulbasaur.png, could be an error with generation, or sprite type
2024-11-23 14:41:38,239 - DEBUG - Starting new HTTPS connection (1): img.pokemondb.net:443
2024-11-23 14:41:38,325 - DEBUG - https://img.pokemondb.net:443 "GET /sprites/bank/back-shiny/bulbasaur.png HTTP/11" 404 None
2024-11-23 14:41:38,325 - ERROR - Error fetching https://img.pokemondb.net/sprites/bank/back-shiny/bulbasaur.png, could be an error with generation, or sprite type
2024-11-23 14:41:38,325 - DEBUG - Starting new HTTPS connection (1): img.pokemondb.net:443
2024-11-23 14:41:38,399 - DEBUG - https://img.pokemondb.net:443 "GET /sprites/go/normal/bulbasaur.png HTTP/11" 200 15689
2024-11-23 14:41:38,400 - DEBUG - Adding images/1_bulbasaur/go-normal.png
2024-11-23 14:41:38,400 - DEBUG - Starting new HTTPS connection (1): img.pokemondb.net:443
2024-11-23 14:41:38,474 - DEBUG - https://img.pokemondb.net:443 "GET /sprites/go/shiny/bulbasaur.png HTTP/11" 200 15240
2024-11-23 14:41:38,474 - DEBUG - Adding images/1_bulbasaur/go-shiny.png
2024-11-23 14:41:38,475 - DEBUG - Starting new HTTPS connection (1): img.pokemondb.net:443
2024-11-23 14:41:38,543 - DEBUG - https://img.pokemondb.net:443 "GET /sprites/go/back/bulbasaur.png HTTP/11" 404 None
2024-11-23 14:41:38,544 - ERROR - Error fetching https://img.pokemondb.net/sprites/go/back/bulbasaur.png, could be an error with generation, or sprite type
2024-11-23 14:41:38,544 - DEBUG - Starting new HTTPS connection (1): img.pokemondb.net:443
2024-11-23 14:41:38,629 - DEBUG - https://img.pokemondb.net:443 "GET /sprites/go/back-shiny/bulbasaur.png HTTP/11" 404 None
2024-11-23 14:41:38,629 - ERROR - Error fetching https://img.pokemondb.net/sprites/go/back-shiny/bulbasaur.png, could be an error with generation, or sprite type
2024-11-23 14:41:38,629 - DEBUG - Starting new HTTPS connection (1): img.pokemondb.net:443
2024-11-23 14:41:38,708 - DEBUG - https://img.pokemondb.net:443 "GET /sprites/x-y/normal/bulbasaur.png HTTP/11" 200 1839
2024-11-23 14:41:38,708 - DEBUG - Adding images/1_bulbasaur/x-y-normal.png
2024-11-23 14:41:38,708 - DEBUG - Starting new HTTPS connection (1): img.pokemondb.net:443
2024-11-23 14:41:38,782 - DEBUG - https://img.pokemondb.net:443 "GET /sprites/x-y/shiny/bulbasaur.png HTTP/11" 200 1876
2024-11-23 14:41:38,782 - DEBUG - Adding images/1_bulbasaur/x-y-shiny.png
2024-11-23 14:41:38,782 - DEBUG - Starting new HTTPS connection (1): img.pokemondb.net:443
2024-11-23 14:41:38,862 - DEBUG - https://img.pokemondb.net:443 "GET /sprites/x-y/back/bulbasaur.png HTTP/11" 404 None
2024-11-23 14:41:38,862 - ERROR - Error fetching https://img.pokemondb.net/sprites/x-y/back/bulbasaur.png, could be an error with generation, or sprite type
2024-11-23 14:41:38,862 - DEBUG - Starting new HTTPS connection (1): img.pokemondb.net:443
2024-11-23 14:41:38,943 - DEBUG - https://img.pokemondb.net:443 "GET /sprites/x-y/back-shiny/bulbasaur.png HTTP/11" 404 None
2024-11-23 14:41:38,944 - ERROR - Error fetching https://img.pokemondb.net/sprites/x-y/back-shiny/bulbasaur.png, could be an error with generation, or sprite type
2024-11-23 14:41:38,944 - DEBUG - Starting new HTTPS connection (1): img.pokemondb.net:443
2024-11-23 14:41:39,023 - DEBUG - https://img.pokemondb.net:443 "GET /sprites/black-white/normal/bulbasaur.png HTTP/11" 200 506
2024-11-23 14:41:39,024 - DEBUG - Adding images/1_bulbasaur/black-white-normal.png
2024-11-23 14:41:39,024 - DEBUG - Starting new HTTPS connection (1): img.pokemondb.net:443
2024-11-23 14:41:39,103 - DEBUG - https://img.pokemondb.net:443 "GET /sprites/black-white/shiny/bulbasaur.png HTTP/11" 200 506
2024-11-23 14:41:39,104 - DEBUG - Adding images/1_bulbasaur/black-white-shiny.png
2024-11-23 14:41:39,104 - DEBUG - Starting new HTTPS connection (1): img.pokemondb.net:443
2024-11-23 14:41:39,190 - DEBUG - https://img.pokemondb.net:443 "GET /sprites/black-white/back/bulbasaur.png HTTP/11" 404 None
2024-11-23 14:41:39,190 - ERROR - Error fetching https://img.pokemondb.net/sprites/black-white/back/bulbasaur.png, could be an error with generation, or sprite type
2024-11-23 14:41:39,190 - DEBUG - Starting new HTTPS connection (1): img.pokemondb.net:443
2024-11-23 14:41:39,277 - DEBUG - https://img.pokemondb.net:443 "GET /sprites/black-white/back-shiny/bulbasaur.png HTTP/11" 200 402
2024-11-23 14:41:39,278 - DEBUG - Adding images/1_bulbasaur/black-white-back-shiny.png
2024-11-23 14:41:39,278 - DEBUG - Starting new HTTPS connection (1): img.pokemondb.net:443
2024-11-23 14:41:39,354 - DEBUG - https://img.pokemondb.net:443 "GET /sprites/heartgold-soulsilver/normal/bulbasaur.png HTTP/11" 200 499
2024-11-23 14:41:39,354 - DEBUG - Adding images/1_bulbasaur/heartgold-soulsilver-normal.png
2024-11-23 14:41:39,355 - DEBUG - Starting new HTTPS connection (1): img.pokemondb.net:443
2024-11-23 14:41:39,422 - DEBUG - https://img.pokemondb.net:443 "GET /sprites/heartgold-soulsilver/shiny/bulbasaur.png HTTP/11" 200 499
2024-11-23 14:41:39,422 - DEBUG - Adding images/1_bulbasaur/heartgold-soulsilver-shiny.png
2024-11-23 14:41:39,423 - DEBUG - Starting new HTTPS connection (1): img.pokemondb.net:443
2024-11-23 14:41:39,496 - DEBUG - https://img.pokemondb.net:443 "GET /sprites/heartgold-soulsilver/back/bulbasaur.png HTTP/11" 404 None
2024-11-23 14:41:39,496 - ERROR - Error fetching https://img.pokemondb.net/sprites/heartgold-soulsilver/back/bulbasaur.png, could be an error with generation, or sprite type
2024-11-23 14:41:39,496 - DEBUG - Starting new HTTPS connection (1): img.pokemondb.net:443
2024-11-23 14:41:39,570 - DEBUG - https://img.pokemondb.net:443 "GET /sprites/heartgold-soulsilver/back-shiny/bulbasaur.png HTTP/11" 200 595
2024-11-23 14:41:39,570 - DEBUG - Adding images/1_bulbasaur/heartgold-soulsilver-back-shiny.png
2024-11-23 14:41:39,571 - DEBUG - Starting new HTTPS connection (1): img.pokemondb.net:443
2024-11-23 14:41:39,648 - DEBUG - https://img.pokemondb.net:443 "GET /sprites/platinum/normal/bulbasaur.png HTTP/11" 200 520
2024-11-23 14:41:39,649 - DEBUG - Adding images/1_bulbasaur/platinum-normal.png
2024-11-23 14:41:39,649 - DEBUG - Starting new HTTPS connection (1): img.pokemondb.net:443
2024-11-23 14:41:39,729 - DEBUG - https://img.pokemondb.net:443 "GET /sprites/platinum/shiny/bulbasaur.png HTTP/11" 200 520
2024-11-23 14:41:39,730 - DEBUG - Adding images/1_bulbasaur/platinum-shiny.png
2024-11-23 14:41:39,730 - DEBUG - Starting new HTTPS connection (1): img.pokemondb.net:443
2024-11-23 14:41:39,816 - DEBUG - https://img.pokemondb.net:443 "GET /sprites/platinum/back/bulbasaur.png HTTP/11" 404 None
2024-11-23 14:41:39,816 - ERROR - Error fetching https://img.pokemondb.net/sprites/platinum/back/bulbasaur.png, could be an error with generation, or sprite type
2024-11-23 14:41:39,817 - DEBUG - Starting new HTTPS connection (1): img.pokemondb.net:443
2024-11-23 14:41:39,892 - DEBUG - https://img.pokemondb.net:443 "GET /sprites/platinum/back-shiny/bulbasaur.png HTTP/11" 200 582
2024-11-23 14:41:39,893 - DEBUG - Adding images/1_bulbasaur/platinum-back-shiny.png
2024-11-23 14:41:39,893 - DEBUG - Starting new HTTPS connection (1): img.pokemondb.net:443
2024-11-23 14:41:39,960 - DEBUG - https://img.pokemondb.net:443 "GET /sprites/diamond-pearl/normal/bulbasaur.png HTTP/11" 200 533
2024-11-23 14:41:39,961 - DEBUG - Adding images/1_bulbasaur/diamond-pearl-normal.png
2024-11-23 14:41:39,961 - DEBUG - Starting new HTTPS connection (1): img.pokemondb.net:443
2024-11-23 14:41:40,035 - DEBUG - https://img.pokemondb.net:443 "GET /sprites/diamond-pearl/shiny/bulbasaur.png HTTP/11" 200 533
2024-11-23 14:41:40,035 - DEBUG - Adding images/1_bulbasaur/diamond-pearl-shiny.png
2024-11-23 14:41:40,035 - DEBUG - Starting new HTTPS connection (1): img.pokemondb.net:443
2024-11-23 14:41:40,159 - DEBUG - https://img.pokemondb.net:443 "GET /sprites/diamond-pearl/back/bulbasaur.png HTTP/11" 404 None
2024-11-23 14:41:40,160 - ERROR - Error fetching https://img.pokemondb.net/sprites/diamond-pearl/back/bulbasaur.png, could be an error with generation, or sprite type
2024-11-23 14:41:40,160 - DEBUG - Starting new HTTPS connection (1): img.pokemondb.net:443
2024-11-23 14:41:40,253 - DEBUG - https://img.pokemondb.net:443 "GET /sprites/diamond-pearl/back-shiny/bulbasaur.png HTTP/11" 200 593
2024-11-23 14:41:40,254 - DEBUG - Adding images/1_bulbasaur/diamond-pearl-back-shiny.png
2024-11-23 14:41:40,254 - DEBUG - Starting new HTTPS connection (1): img.pokemondb.net:443
2024-11-23 14:41:40,346 - DEBUG - https://img.pokemondb.net:443 "GET /sprites/emerald/normal/bulbasaur.png HTTP/11" 200 478
2024-11-23 14:41:40,346 - DEBUG - Adding images/1_bulbasaur/emerald-normal.png
2024-11-23 14:41:40,347 - DEBUG - Starting new HTTPS connection (1): img.pokemondb.net:443
2024-11-23 14:41:40,428 - DEBUG - https://img.pokemondb.net:443 "GET /sprites/emerald/shiny/bulbasaur.png HTTP/11" 200 478
2024-11-23 14:41:40,428 - DEBUG - Adding images/1_bulbasaur/emerald-shiny.png
2024-11-23 14:41:40,429 - DEBUG - Starting new HTTPS connection (1): img.pokemondb.net:443
2024-11-23 14:41:40,503 - DEBUG - https://img.pokemondb.net:443 "GET /sprites/emerald/back/bulbasaur.png HTTP/11" 404 None
2024-11-23 14:41:40,503 - ERROR - Error fetching https://img.pokemondb.net/sprites/emerald/back/bulbasaur.png, could be an error with generation, or sprite type
2024-11-23 14:41:40,504 - DEBUG - Starting new HTTPS connection (1): img.pokemondb.net:443
2024-11-23 14:41:40,575 - DEBUG - https://img.pokemondb.net:443 "GET /sprites/emerald/back-shiny/bulbasaur.png HTTP/11" 200 476
2024-11-23 14:41:40,576 - DEBUG - Adding images/1_bulbasaur/emerald-back-shiny.png
2024-11-23 14:41:40,576 - DEBUG - Starting new HTTPS connection (1): img.pokemondb.net:443
2024-11-23 14:41:40,645 - DEBUG - https://img.pokemondb.net:443 "GET /sprites/firered-leafgreen/normal/bulbasaur.png HTTP/11" 200 497
2024-11-23 14:41:40,645 - DEBUG - Adding images/1_bulbasaur/firered-leafgreen-normal.png
2024-11-23 14:41:40,646 - DEBUG - Starting new HTTPS connection (1): img.pokemondb.net:443
2024-11-23 14:41:40,733 - DEBUG - https://img.pokemondb.net:443 "GET /sprites/firered-leafgreen/shiny/bulbasaur.png HTTP/11" 200 497
2024-11-23 14:41:40,733 - DEBUG - Adding images/1_bulbasaur/firered-leafgreen-shiny.png
2024-11-23 14:41:40,734 - DEBUG - Starting new HTTPS connection (1): img.pokemondb.net:443
2024-11-23 14:41:40,834 - DEBUG - https://img.pokemondb.net:443 "GET /sprites/firered-leafgreen/back/bulbasaur.png HTTP/11" 404 None
2024-11-23 14:41:40,835 - ERROR - Error fetching https://img.pokemondb.net/sprites/firered-leafgreen/back/bulbasaur.png, could be an error with generation, or sprite type
2024-11-23 14:41:40,835 - DEBUG - Starting new HTTPS connection (1): img.pokemondb.net:443
2024-11-23 14:41:40,901 - DEBUG - https://img.pokemondb.net:443 "GET /sprites/firered-leafgreen/back-shiny/bulbasaur.png HTTP/11" 200 487
2024-11-23 14:41:40,901 - DEBUG - Adding images/1_bulbasaur/firered-leafgreen-back-shiny.png
2024-11-23 14:41:40,902 - DEBUG - Starting new HTTPS connection (1): img.pokemondb.net:443
2024-11-23 14:41:40,970 - DEBUG - https://img.pokemondb.net:443 "GET /sprites/ruby-sapphire/normal/bulbasaur.png HTTP/11" 200 478
2024-11-23 14:41:40,970 - DEBUG - Adding images/1_bulbasaur/ruby-sapphire-normal.png
2024-11-23 14:41:40,971 - DEBUG - Starting new HTTPS connection (1): img.pokemondb.net:443
2024-11-23 14:41:41,058 - DEBUG - https://img.pokemondb.net:443 "GET /sprites/ruby-sapphire/shiny/bulbasaur.png HTTP/11" 200 478
2024-11-23 14:41:41,059 - DEBUG - Adding images/1_bulbasaur/ruby-sapphire-shiny.png
2024-11-23 14:41:41,059 - DEBUG - Starting new HTTPS connection (1): img.pokemondb.net:443
2024-11-23 14:41:41,146 - DEBUG - https://img.pokemondb.net:443 "GET /sprites/ruby-sapphire/back/bulbasaur.png HTTP/11" 404 None
2024-11-23 14:41:41,146 - ERROR - Error fetching https://img.pokemondb.net/sprites/ruby-sapphire/back/bulbasaur.png, could be an error with generation, or sprite type
2024-11-23 14:41:41,146 - DEBUG - Starting new HTTPS connection (1): img.pokemondb.net:443
2024-11-23 14:41:41,228 - DEBUG - https://img.pokemondb.net:443 "GET /sprites/ruby-sapphire/back-shiny/bulbasaur.png HTTP/11" 200 476
2024-11-23 14:41:41,228 - DEBUG - Adding images/1_bulbasaur/ruby-sapphire-back-shiny.png
2024-11-23 14:41:41,229 - DEBUG - Starting new HTTPS connection (1): img.pokemondb.net:443
2024-11-23 14:41:41,298 - DEBUG - https://img.pokemondb.net:443 "GET /sprites/crystal/normal/bulbasaur.png HTTP/11" 200 292
2024-11-23 14:41:41,299 - DEBUG - Adding images/1_bulbasaur/crystal-normal.png
2024-11-23 14:41:41,299 - DEBUG - Starting new HTTPS connection (1): img.pokemondb.net:443
2024-11-23 14:41:41,371 - DEBUG - https://img.pokemondb.net:443 "GET /sprites/crystal/shiny/bulbasaur.png HTTP/11" 200 292
2024-11-23 14:41:41,372 - DEBUG - Adding images/1_bulbasaur/crystal-shiny.png
2024-11-23 14:41:41,372 - DEBUG - Starting new HTTPS connection (1): img.pokemondb.net:443
2024-11-23 14:41:41,458 - DEBUG - https://img.pokemondb.net:443 "GET /sprites/crystal/back/bulbasaur.png HTTP/11" 404 None
2024-11-23 14:41:41,459 - ERROR - Error fetching https://img.pokemondb.net/sprites/crystal/back/bulbasaur.png, could be an error with generation, or sprite type
2024-11-23 14:41:41,459 - DEBUG - Starting new HTTPS connection (1): img.pokemondb.net:443
2024-11-23 14:41:41,545 - DEBUG - https://img.pokemondb.net:443 "GET /sprites/crystal/back-shiny/bulbasaur.png HTTP/11" 200 333
2024-11-23 14:41:41,545 - DEBUG - Adding images/1_bulbasaur/crystal-back-shiny.png
2024-11-23 14:41:41,546 - DEBUG - Starting new HTTPS connection (1): img.pokemondb.net:443
2024-11-23 14:41:41,628 - DEBUG - https://img.pokemondb.net:443 "GET /sprites/gold/normal/bulbasaur.png HTTP/11" 200 291
2024-11-23 14:41:41,629 - DEBUG - Adding images/1_bulbasaur/gold-normal.png
2024-11-23 14:41:41,629 - DEBUG - Starting new HTTPS connection (1): img.pokemondb.net:443
2024-11-23 14:41:41,706 - DEBUG - https://img.pokemondb.net:443 "GET /sprites/gold/shiny/bulbasaur.png HTTP/11" 200 291
2024-11-23 14:41:41,707 - DEBUG - Adding images/1_bulbasaur/gold-shiny.png
2024-11-23 14:41:41,707 - DEBUG - Starting new HTTPS connection (1): img.pokemondb.net:443
2024-11-23 14:41:41,789 - DEBUG - https://img.pokemondb.net:443 "GET /sprites/gold/back/bulbasaur.png HTTP/11" 404 None
2024-11-23 14:41:41,789 - ERROR - Error fetching https://img.pokemondb.net/sprites/gold/back/bulbasaur.png, could be an error with generation, or sprite type
2024-11-23 14:41:41,790 - DEBUG - Starting new HTTPS connection (1): img.pokemondb.net:443
2024-11-23 14:41:41,879 - DEBUG - https://img.pokemondb.net:443 "GET /sprites/gold/back-shiny/bulbasaur.png HTTP/11" 200 333
2024-11-23 14:41:41,879 - DEBUG - Adding images/1_bulbasaur/gold-back-shiny.png
2024-11-23 14:41:41,880 - DEBUG - Starting new HTTPS connection (1): img.pokemondb.net:443
2024-11-23 14:41:41,954 - DEBUG - https://img.pokemondb.net:443 "GET /sprites/silver/normal/bulbasaur.png HTTP/11" 200 310
2024-11-23 14:41:41,954 - DEBUG - Adding images/1_bulbasaur/silver-normal.png
2024-11-23 14:41:41,955 - DEBUG - Starting new HTTPS connection (1): img.pokemondb.net:443
2024-11-23 14:41:42,032 - DEBUG - https://img.pokemondb.net:443 "GET /sprites/silver/shiny/bulbasaur.png HTTP/11" 200 310
2024-11-23 14:41:42,033 - DEBUG - Adding images/1_bulbasaur/silver-shiny.png
2024-11-23 14:41:42,033 - DEBUG - Starting new HTTPS connection (1): img.pokemondb.net:443
2024-11-23 14:41:42,110 - DEBUG - https://img.pokemondb.net:443 "GET /sprites/silver/back/bulbasaur.png HTTP/11" 404 None
2024-11-23 14:41:42,110 - ERROR - Error fetching https://img.pokemondb.net/sprites/silver/back/bulbasaur.png, could be an error with generation, or sprite type
2024-11-23 14:41:42,110 - DEBUG - Starting new HTTPS connection (1): img.pokemondb.net:443
2024-11-23 14:41:42,181 - DEBUG - https://img.pokemondb.net:443 "GET /sprites/silver/back-shiny/bulbasaur.png HTTP/11" 200 333
2024-11-23 14:41:42,181 - DEBUG - Adding images/1_bulbasaur/silver-back-shiny.png
2024-11-23 14:41:42,182 - DEBUG - Starting new HTTPS connection (1): img.pokemondb.net:443
2024-11-23 14:41:42,265 - DEBUG - https://img.pokemondb.net:443 "GET /sprites/yellow/normal/bulbasaur.png HTTP/11" 200 357
2024-11-23 14:41:42,266 - DEBUG - Adding images/1_bulbasaur/yellow-normal.png
2024-11-23 14:41:42,266 - DEBUG - Starting new HTTPS connection (1): img.pokemondb.net:443
2024-11-23 14:41:42,351 - DEBUG - https://img.pokemondb.net:443 "GET /sprites/yellow/shiny/bulbasaur.png HTTP/11" 404 None
2024-11-23 14:41:42,351 - ERROR - Error fetching https://img.pokemondb.net/sprites/yellow/shiny/bulbasaur.png, could be an error with generation, or sprite type
2024-11-23 14:41:42,352 - DEBUG - Starting new HTTPS connection (1): img.pokemondb.net:443
2024-11-23 14:41:42,424 - DEBUG - https://img.pokemondb.net:443 "GET /sprites/yellow/back/bulbasaur.png HTTP/11" 404 None
2024-11-23 14:41:42,425 - ERROR - Error fetching https://img.pokemondb.net/sprites/yellow/back/bulbasaur.png, could be an error with generation, or sprite type
2024-11-23 14:41:42,425 - DEBUG - Starting new HTTPS connection (1): img.pokemondb.net:443
2024-11-23 14:41:42,497 - DEBUG - https://img.pokemondb.net:443 "GET /sprites/yellow/back-shiny/bulbasaur.png HTTP/11" 404 None
2024-11-23 14:41:42,497 - ERROR - Error fetching https://img.pokemondb.net/sprites/yellow/back-shiny/bulbasaur.png, could be an error with generation, or sprite type
2024-11-23 14:41:42,497 - DEBUG - Starting new HTTPS connection (1): img.pokemondb.net:443
2024-11-23 14:41:42,571 - DEBUG - https://img.pokemondb.net:443 "GET /sprites/red-blue/normal/bulbasaur.png HTTP/11" 200 364
2024-11-23 14:41:42,572 - DEBUG - Adding images/1_bulbasaur/red-blue-normal.png
2024-11-23 14:41:42,572 - DEBUG - Starting new HTTPS connection (1): img.pokemondb.net:443
2024-11-23 14:41:42,638 - DEBUG - https://img.pokemondb.net:443 "GET /sprites/red-blue/shiny/bulbasaur.png HTTP/11" 404 None
2024-11-23 14:41:42,638 - ERROR - Error fetching https://img.pokemondb.net/sprites/red-blue/shiny/bulbasaur.png, could be an error with generation, or sprite type
2024-11-23 14:41:42,638 - DEBUG - Starting new HTTPS connection (1): img.pokemondb.net:443
2024-11-23 14:41:42,707 - DEBUG - https://img.pokemondb.net:443 "GET /sprites/red-blue/back/bulbasaur.png HTTP/11" 404 None
2024-11-23 14:41:42,707 - ERROR - Error fetching https://img.pokemondb.net/sprites/red-blue/back/bulbasaur.png, could be an error with generation, or sprite type
2024-11-23 14:41:42,708 - DEBUG - Starting new HTTPS connection (1): img.pokemondb.net:443
2024-11-23 14:41:42,806 - DEBUG - https://img.pokemondb.net:443 "GET /sprites/red-blue/back-shiny/bulbasaur.png HTTP/11" 404 None
2024-11-23 14:41:42,806 - ERROR - Error fetching https://img.pokemondb.net/sprites/red-blue/back-shiny/bulbasaur.png, could be an error with generation, or sprite type
2024-11-23 14:41:42,806 - DEBUG - Total time to fetch Bulbasaur: 4.7927000522613525s
